  [1m[36m (123.6ms)[0m  [1mCREATE TABLE "schema_migrations" ("version" varchar NOT NULL) [0m
  [1m[35m (0.1ms)[0m  select sqlite_version(*)
  [1m[36m (121.3ms)[0m  [1mCREATE UNIQUE INDEX "unique_schema_migrations" ON "schema_migrations" ("version")[0m
  [1m[35mActiveRecord::SchemaMigration Load (0.2ms)[0m  SELECT "schema_migrations".* FROM "schema_migrations"
Migrating to CreateTodoLists (20200324163411)
  [1m[36m (0.1ms)[0m  [1mbegin transaction[0m
  [1m[35m (0.6ms)[0m  CREATE TABLE "todo_lists" ("id" INTEGER PRIMARY KEY AUTOINCREMENT NOT NULL, "title" varchar, "description" text, "created_at" datetime NOT NULL, "updated_at" datetime NOT NULL) 
  [1m[36mSQL (0.2ms)[0m  [1mINSERT INTO "schema_migrations" ("version") VALUES (?)[0m  [["version", "20200324163411"]]
  [1m[35m (104.0ms)[0m  commit transaction
  [1m[36mActiveRecord::SchemaMigration Load (0.2ms)[0m  [1mSELECT "schema_migrations".* FROM "schema_migrations"[0m


Started GET "/" for 127.0.0.1 at 2020-03-24 22:04:33 +0530
  [1m[36mActiveRecord::SchemaMigration Load (0.1ms)[0m  [1mSELECT "schema_migrations".* FROM "schema_migrations"[0m
Processing by Rails::WelcomeController#index as HTML
  Rendered /home/arunsarva/.rbenv/versions/2.5.1/lib/ruby/gems/2.5.0/gems/railties-4.2.10/lib/rails/templates/rails/welcome/index.html.erb (2.7ms)
Completed 200 OK in 33ms (Views: 22.2ms | ActiveRecord: 0.0ms)


Started GET "/" for 127.0.0.1 at 2020-03-24 22:04:37 +0530
Processing by Rails::WelcomeController#index as HTML
  Rendered /home/arunsarva/.rbenv/versions/2.5.1/lib/ruby/gems/2.5.0/gems/railties-4.2.10/lib/rails/templates/rails/welcome/index.html.erb (0.1ms)
Completed 200 OK in 2ms (Views: 1.1ms | ActiveRecord: 0.0ms)


Started GET "/todo_lists" for 127.0.0.1 at 2020-03-24 22:04:40 +0530
Processing by TodoListsController#index as HTML
  [1m[35mTodoList Load (0.2ms)[0m  SELECT "todo_lists".* FROM "todo_lists"
  Rendered todo_lists/index.html.erb within layouts/application (2.2ms)
Completed 200 OK in 4576ms (Views: 4572.5ms | ActiveRecord: 0.3ms)


Started GET "/todo_lists" for 127.0.0.1 at 2020-03-24 22:04:44 +0530
Processing by TodoListsController#index as HTML
  [1m[36mTodoList Load (0.2ms)[0m  [1mSELECT "todo_lists".* FROM "todo_lists"[0m
  Rendered todo_lists/index.html.erb within layouts/application (1.0ms)
Completed 200 OK in 23ms (Views: 21.8ms | ActiveRecord: 0.2ms)


Started GET "/assets/scaffolds.self-fb4f4243f99da8c5de44c3c60343c406577c4790d2bb7cc5852725dd1f835a9d.css?body=1" for 127.0.0.1 at 2020-03-24 22:04:45 +0530


Started GET "/todo_lists/new" for 127.0.0.1 at 2020-03-24 22:04:47 +0530
Processing by TodoListsController#new as HTML
  Rendered todo_lists/_form.html.erb (44.8ms)
  Rendered todo_lists/new.html.erb within layouts/application (50.0ms)
Completed 200 OK in 93ms (Views: 86.3ms | ActiveRecord: 0.4ms)


Started POST "/todo_lists" for 127.0.0.1 at 2020-03-24 22:04:50 +0530
Processing by TodoListsController#create as HTML
  Parameters: {"utf8"=>"✓", "authenticity_token"=>"RFPMOj9gxumKp7CUgLXwTzPtD3oq8eocbFFpEwTx4i+oYtilWY97odxFks5qdEYs1Kb7xLm7zJuPns6HCyof7A==", "todo_list"=>{"title"=>"", "description"=>""}, "commit"=>"Create Todo list"}
  [1m[35m (0.1ms)[0m  begin transaction
  [1m[36mSQL (0.9ms)[0m  [1mINSERT INTO "todo_lists" ("title", "description", "created_at", "updated_at") VALUES (?, ?, ?, ?)[0m  [["title", ""], ["description", ""], ["created_at", "2020-03-24 16:34:50.034909"], ["updated_at", "2020-03-24 16:34:50.034909"]]
  [1m[35m (99.0ms)[0m  commit transaction
Redirected to http://localhost:3000/todo_lists/1
Completed 302 Found in 109ms (ActiveRecord: 100.0ms)


Started GET "/todo_lists/1" for 127.0.0.1 at 2020-03-24 22:04:50 +0530
Processing by TodoListsController#show as HTML
  Parameters: {"id"=>"1"}
  [1m[36mTodoList Load (0.4ms)[0m  [1mSELECT  "todo_lists".* FROM "todo_lists" WHERE "todo_lists"."id" = ? LIMIT 1[0m  [["id", 1]]
  Rendered todo_lists/show.html.erb within layouts/application (1.6ms)
Completed 200 OK in 89ms (Views: 38.3ms | ActiveRecord: 0.4ms)


Started GET "/todo_lists" for 127.0.0.1 at 2020-03-24 22:04:53 +0530
Processing by TodoListsController#index as HTML
  [1m[35mTodoList Load (0.3ms)[0m  SELECT "todo_lists".* FROM "todo_lists"
  Rendered todo_lists/index.html.erb within layouts/application (3.3ms)
Completed 200 OK in 47ms (Views: 45.3ms | ActiveRecord: 0.3ms)


Started DELETE "/todo_lists/1" for 127.0.0.1 at 2020-03-24 22:04:56 +0530
Processing by TodoListsController#destroy as HTML
  Parameters: {"authenticity_token"=>"KuIDnQA+4eoveGAHwCGFxCaUoPiRjLbidb0jyDaUwyLG0xcCZtFconmaQl0q4DOnwd9URgLGkGWWcoRcOU8+4Q==", "id"=>"1"}
  [1m[36mTodoList Load (0.2ms)[0m  [1mSELECT  "todo_lists".* FROM "todo_lists" WHERE "todo_lists"."id" = ? LIMIT 1[0m  [["id", 1]]
  [1m[35m (0.2ms)[0m  begin transaction
  [1m[36mSQL (0.5ms)[0m  [1mDELETE FROM "todo_lists" WHERE "todo_lists"."id" = ?[0m  [["id", 1]]
  [1m[35m (93.9ms)[0m  commit transaction
Redirected to http://localhost:3000/todo_lists
Completed 302 Found in 100ms (ActiveRecord: 94.8ms)


Started GET "/todo_lists" for 127.0.0.1 at 2020-03-24 22:04:56 +0530
Processing by TodoListsController#index as HTML
  [1m[36mTodoList Load (0.2ms)[0m  [1mSELECT "todo_lists".* FROM "todo_lists"[0m
  Rendered todo_lists/index.html.erb within layouts/application (1.0ms)
Completed 200 OK in 25ms (Views: 23.4ms | ActiveRecord: 0.2ms)


Started GET "/" for 127.0.0.1 at 2020-03-24 22:05:41 +0530
Processing by TodoListsController#index as HTML
  [1m[35mTodoList Load (0.4ms)[0m  SELECT "todo_lists".* FROM "todo_lists"
  Rendered todo_lists/index.html.erb within layouts/application (1.9ms)
Completed 200 OK in 31ms (Views: 26.0ms | ActiveRecord: 0.6ms)
  [1m[36mActiveRecord::SchemaMigration Load (0.1ms)[0m  [1mSELECT "schema_migrations".* FROM "schema_migrations"[0m
Migrating to CreateTodoItems (20200324163722)
  [1m[35m (0.1ms)[0m  begin transaction
  [1m[36m (0.4ms)[0m  [1mCREATE TABLE "todo_items" ("id" INTEGER PRIMARY KEY AUTOINCREMENT NOT NULL, "content" varchar, "todo_list_id" integer, "created_at" datetime NOT NULL, "updated_at" datetime NOT NULL) [0m
  [1m[35m (0.1ms)[0m  select sqlite_version(*)
  [1m[36m (0.2ms)[0m  [1mCREATE  INDEX "index_todo_items_on_todo_list_id" ON "todo_items" ("todo_list_id")[0m
  [1m[35mSQL (0.2ms)[0m  INSERT INTO "schema_migrations" ("version") VALUES (?)  [["version", "20200324163722"]]
  [1m[36m (104.9ms)[0m  [1mcommit transaction[0m
  [1m[35mActiveRecord::SchemaMigration Load (0.1ms)[0m  SELECT "schema_migrations".* FROM "schema_migrations"
  [1m[36m (0.2ms)[0m  [1m            SELECT sql
            FROM sqlite_master
            WHERE name='index_todo_items_on_todo_list_id' AND type='index'
            UNION ALL
            SELECT sql
            FROM sqlite_temp_master
            WHERE name='index_todo_items_on_todo_list_id' AND type='index'
[0m


Started GET "/" for 127.0.0.1 at 2020-03-24 22:18:03 +0530

NoMethodError (undefined method `devise_for' for #<ActionDispatch::Routing::Mapper:0x00007f04557bdad0>):
  config/routes.rb:2:in `block in <top (required)>'
  config/routes.rb:1:in `<top (required)>'


  Rendered /home/arunsarva/.rbenv/versions/2.5.1/lib/ruby/gems/2.5.0/gems/actionpack-4.2.10/lib/action_dispatch/middleware/templates/rescues/_source.erb (3.8ms)
  Rendered /home/arunsarva/.rbenv/versions/2.5.1/lib/ruby/gems/2.5.0/gems/actionpack-4.2.10/lib/action_dispatch/middleware/templates/rescues/_trace.html.erb (2.7ms)
  Rendered /home/arunsarva/.rbenv/versions/2.5.1/lib/ruby/gems/2.5.0/gems/actionpack-4.2.10/lib/action_dispatch/middleware/templates/rescues/_request_and_response.html.erb (2.0ms)
  Rendered /home/arunsarva/.rbenv/versions/2.5.1/lib/ruby/gems/2.5.0/gems/actionpack-4.2.10/lib/action_dispatch/middleware/templates/rescues/diagnostics.html.erb within rescues/layout (46.6ms)
  Rendered /home/arunsarva/.rbenv/versions/2.5.1/lib/ruby/gems/2.5.0/gems/web-console-2.3.0/lib/web_console/templates/_markup.html.erb (0.7ms)
  Rendered /home/arunsarva/.rbenv/versions/2.5.1/lib/ruby/gems/2.5.0/gems/web-console-2.3.0/lib/web_console/templates/_inner_console_markup.html.erb within layouts/inlined_string (1.0ms)
  Rendered /home/arunsarva/.rbenv/versions/2.5.1/lib/ruby/gems/2.5.0/gems/web-console-2.3.0/lib/web_console/templates/_prompt_box_markup.html.erb within layouts/inlined_string (0.4ms)
  Rendered /home/arunsarva/.rbenv/versions/2.5.1/lib/ruby/gems/2.5.0/gems/web-console-2.3.0/lib/web_console/templates/style.css.erb within layouts/inlined_string (0.7ms)
  Rendered /home/arunsarva/.rbenv/versions/2.5.1/lib/ruby/gems/2.5.0/gems/web-console-2.3.0/lib/web_console/templates/console.js.erb within layouts/javascript (29.5ms)
  Rendered /home/arunsarva/.rbenv/versions/2.5.1/lib/ruby/gems/2.5.0/gems/web-console-2.3.0/lib/web_console/templates/main.js.erb within layouts/javascript (0.4ms)
  Rendered /home/arunsarva/.rbenv/versions/2.5.1/lib/ruby/gems/2.5.0/gems/web-console-2.3.0/lib/web_console/templates/error_page.js.erb within layouts/javascript (0.8ms)
  Rendered /home/arunsarva/.rbenv/versions/2.5.1/lib/ruby/gems/2.5.0/gems/web-console-2.3.0/lib/web_console/templates/index.html.erb (59.4ms)
  [1m[36mActiveRecord::SchemaMigration Load (0.2ms)[0m  [1mSELECT "schema_migrations".* FROM "schema_migrations"[0m
Migrating to DeviseCreateUsers (20200324164343)
  [1m[35m (0.1ms)[0m  begin transaction
  [1m[36m (0.6ms)[0m  [1mCREATE TABLE "users" ("id" INTEGER PRIMARY KEY AUTOINCREMENT NOT NULL, "email" varchar DEFAULT '' NOT NULL, "encrypted_password" varchar DEFAULT '' NOT NULL, "reset_password_token" varchar, "reset_password_sent_at" datetime, "remember_created_at" datetime, "created_at" datetime NOT NULL, "updated_at" datetime NOT NULL) [0m
  [1m[35m (0.1ms)[0m  select sqlite_version(*)
  [1m[36m (0.4ms)[0m  [1mCREATE UNIQUE INDEX "index_users_on_email" ON "users" ("email")[0m
  [1m[35m (0.3ms)[0m              SELECT sql
            FROM sqlite_master
            WHERE name='index_users_on_email' AND type='index'
            UNION ALL
            SELECT sql
            FROM sqlite_temp_master
            WHERE name='index_users_on_email' AND type='index'

  [1m[36m (0.3ms)[0m  [1mCREATE UNIQUE INDEX "index_users_on_reset_password_token" ON "users" ("reset_password_token")[0m
  [1m[35mSQL (0.2ms)[0m  INSERT INTO "schema_migrations" ("version") VALUES (?)  [["version", "20200324164343"]]
  [1m[36m (118.2ms)[0m  [1mcommit transaction[0m
  [1m[35mActiveRecord::SchemaMigration Load (0.1ms)[0m  SELECT "schema_migrations".* FROM "schema_migrations"
  [1m[36m (0.1ms)[0m  [1m            SELECT sql
            FROM sqlite_master
            WHERE name='index_todo_items_on_todo_list_id' AND type='index'
            UNION ALL
            SELECT sql
            FROM sqlite_temp_master
            WHERE name='index_todo_items_on_todo_list_id' AND type='index'
[0m
  [1m[35m (0.1ms)[0m              SELECT sql
            FROM sqlite_master
            WHERE name='index_users_on_reset_password_token' AND type='index'
            UNION ALL
            SELECT sql
            FROM sqlite_temp_master
            WHERE name='index_users_on_reset_password_token' AND type='index'

  [1m[36m (0.2ms)[0m  [1m            SELECT sql
            FROM sqlite_master
            WHERE name='index_users_on_email' AND type='index'
            UNION ALL
            SELECT sql
            FROM sqlite_temp_master
            WHERE name='index_users_on_email' AND type='index'
[0m


Started GET "/" for 127.0.0.1 at 2020-03-24 22:21:31 +0530

NoMethodError (undefined method `devise_for' for #<ActionDispatch::Routing::Mapper:0x00007f0455d12bc0>):
  config/routes.rb:2:in `block in <top (required)>'
  config/routes.rb:1:in `<top (required)>'


  Rendered /home/arunsarva/.rbenv/versions/2.5.1/lib/ruby/gems/2.5.0/gems/actionpack-4.2.10/lib/action_dispatch/middleware/templates/rescues/_source.erb (4.0ms)
  Rendered /home/arunsarva/.rbenv/versions/2.5.1/lib/ruby/gems/2.5.0/gems/actionpack-4.2.10/lib/action_dispatch/middleware/templates/rescues/_trace.html.erb (2.5ms)
  Rendered /home/arunsarva/.rbenv/versions/2.5.1/lib/ruby/gems/2.5.0/gems/actionpack-4.2.10/lib/action_dispatch/middleware/templates/rescues/_request_and_response.html.erb (1.7ms)
  Rendered /home/arunsarva/.rbenv/versions/2.5.1/lib/ruby/gems/2.5.0/gems/actionpack-4.2.10/lib/action_dispatch/middleware/templates/rescues/diagnostics.html.erb within rescues/layout (33.0ms)
  Rendered /home/arunsarva/.rbenv/versions/2.5.1/lib/ruby/gems/2.5.0/gems/web-console-2.3.0/lib/web_console/templates/_markup.html.erb (0.4ms)
  Rendered /home/arunsarva/.rbenv/versions/2.5.1/lib/ruby/gems/2.5.0/gems/web-console-2.3.0/lib/web_console/templates/_inner_console_markup.html.erb within layouts/inlined_string (0.3ms)
  Rendered /home/arunsarva/.rbenv/versions/2.5.1/lib/ruby/gems/2.5.0/gems/web-console-2.3.0/lib/web_console/templates/_prompt_box_markup.html.erb within layouts/inlined_string (0.4ms)
  Rendered /home/arunsarva/.rbenv/versions/2.5.1/lib/ruby/gems/2.5.0/gems/web-console-2.3.0/lib/web_console/templates/style.css.erb within layouts/inlined_string (0.4ms)
  Rendered /home/arunsarva/.rbenv/versions/2.5.1/lib/ruby/gems/2.5.0/gems/web-console-2.3.0/lib/web_console/templates/console.js.erb within layouts/javascript (26.8ms)
  Rendered /home/arunsarva/.rbenv/versions/2.5.1/lib/ruby/gems/2.5.0/gems/web-console-2.3.0/lib/web_console/templates/main.js.erb within layouts/javascript (0.4ms)
  Rendered /home/arunsarva/.rbenv/versions/2.5.1/lib/ruby/gems/2.5.0/gems/web-console-2.3.0/lib/web_console/templates/error_page.js.erb within layouts/javascript (0.4ms)
  Rendered /home/arunsarva/.rbenv/versions/2.5.1/lib/ruby/gems/2.5.0/gems/web-console-2.3.0/lib/web_console/templates/index.html.erb (54.9ms)


Started GET "/" for 127.0.0.1 at 2020-03-24 22:21:35 +0530
  [1m[36mActiveRecord::SchemaMigration Load (0.1ms)[0m  [1mSELECT "schema_migrations".* FROM "schema_migrations"[0m

ActionController::RoutingError (No route matches [GET] "/"):
  actionpack (4.2.10) lib/action_dispatch/middleware/debug_exceptions.rb:21:in `call'
  web-console (2.3.0) lib/web_console/middleware.rb:28:in `block in call'
  web-console (2.3.0) lib/web_console/middleware.rb:18:in `catch'
  web-console (2.3.0) lib/web_console/middleware.rb:18:in `call'
  actionpack (4.2.10) lib/action_dispatch/middleware/show_exceptions.rb:30:in `call'
  railties (4.2.10) lib/rails/rack/logger.rb:38:in `call_app'
  railties (4.2.10) lib/rails/rack/logger.rb:20:in `block in call'
  activesupport (4.2.10) lib/active_support/tagged_logging.rb:68:in `block in tagged'
  activesupport (4.2.10) lib/active_support/tagged_logging.rb:26:in `tagged'
  activesupport (4.2.10) lib/active_support/tagged_logging.rb:68:in `tagged'
  railties (4.2.10) lib/rails/rack/logger.rb:20:in `call'
  actionpack (4.2.10) lib/action_dispatch/middleware/request_id.rb:21:in `call'
  rack (1.6.13) lib/rack/methodoverride.rb:22:in `call'
  rack (1.6.13) lib/rack/runtime.rb:18:in `call'
  activesupport (4.2.10) lib/active_support/cache/strategy/local_cache_middleware.rb:28:in `call'
  rack (1.6.13) lib/rack/lock.rb:17:in `call'
  actionpack (4.2.10) lib/action_dispatch/middleware/static.rb:120:in `call'
  rack (1.6.13) lib/rack/sendfile.rb:113:in `call'
  railties (4.2.10) lib/rails/engine.rb:518:in `call'
  railties (4.2.10) lib/rails/application.rb:165:in `call'
  rack (1.6.13) lib/rack/lock.rb:17:in `call'
  rack (1.6.13) lib/rack/content_length.rb:15:in `call'
  rack (1.6.13) lib/rack/handler/webrick.rb:88:in `service'
  /home/arunsarva/.rbenv/versions/2.5.1/lib/ruby/2.5.0/webrick/httpserver.rb:140:in `service'
  /home/arunsarva/.rbenv/versions/2.5.1/lib/ruby/2.5.0/webrick/httpserver.rb:96:in `run'
  /home/arunsarva/.rbenv/versions/2.5.1/lib/ruby/2.5.0/webrick/server.rb:307:in `block in start_thread'


  Rendered /home/arunsarva/.rbenv/versions/2.5.1/lib/ruby/gems/2.5.0/gems/actionpack-4.2.10/lib/action_dispatch/middleware/templates/rescues/_trace.html.erb (1.9ms)
  Rendered /home/arunsarva/.rbenv/versions/2.5.1/lib/ruby/gems/2.5.0/gems/actionpack-4.2.10/lib/action_dispatch/middleware/templates/routes/_table.html.erb (2.2ms)
  Rendered /home/arunsarva/.rbenv/versions/2.5.1/lib/ruby/gems/2.5.0/gems/actionpack-4.2.10/lib/action_dispatch/middleware/templates/rescues/_request_and_response.html.erb (2.5ms)
  Rendered /home/arunsarva/.rbenv/versions/2.5.1/lib/ruby/gems/2.5.0/gems/actionpack-4.2.10/lib/action_dispatch/middleware/templates/rescues/routing_error.html.erb within rescues/layout (29.8ms)
  Rendered /home/arunsarva/.rbenv/versions/2.5.1/lib/ruby/gems/2.5.0/gems/web-console-2.3.0/lib/web_console/templates/_markup.html.erb (0.9ms)
  Rendered /home/arunsarva/.rbenv/versions/2.5.1/lib/ruby/gems/2.5.0/gems/web-console-2.3.0/lib/web_console/templates/_inner_console_markup.html.erb within layouts/inlined_string (0.5ms)
  Rendered /home/arunsarva/.rbenv/versions/2.5.1/lib/ruby/gems/2.5.0/gems/web-console-2.3.0/lib/web_console/templates/_prompt_box_markup.html.erb within layouts/inlined_string (0.4ms)
  Rendered /home/arunsarva/.rbenv/versions/2.5.1/lib/ruby/gems/2.5.0/gems/web-console-2.3.0/lib/web_console/templates/style.css.erb within layouts/inlined_string (0.5ms)
  Rendered /home/arunsarva/.rbenv/versions/2.5.1/lib/ruby/gems/2.5.0/gems/web-console-2.3.0/lib/web_console/templates/console.js.erb within layouts/javascript (29.1ms)
  Rendered /home/arunsarva/.rbenv/versions/2.5.1/lib/ruby/gems/2.5.0/gems/web-console-2.3.0/lib/web_console/templates/main.js.erb within layouts/javascript (0.4ms)
  Rendered /home/arunsarva/.rbenv/versions/2.5.1/lib/ruby/gems/2.5.0/gems/web-console-2.3.0/lib/web_console/templates/error_page.js.erb within layouts/javascript (0.7ms)
  Rendered /home/arunsarva/.rbenv/versions/2.5.1/lib/ruby/gems/2.5.0/gems/web-console-2.3.0/lib/web_console/templates/index.html.erb (58.9ms)


Started GET "/" for 127.0.0.1 at 2020-03-24 22:21:37 +0530

ActionController::RoutingError (No route matches [GET] "/"):
  actionpack (4.2.10) lib/action_dispatch/middleware/debug_exceptions.rb:21:in `call'
  web-console (2.3.0) lib/web_console/middleware.rb:28:in `block in call'
  web-console (2.3.0) lib/web_console/middleware.rb:18:in `catch'
  web-console (2.3.0) lib/web_console/middleware.rb:18:in `call'
  actionpack (4.2.10) lib/action_dispatch/middleware/show_exceptions.rb:30:in `call'
  railties (4.2.10) lib/rails/rack/logger.rb:38:in `call_app'
  railties (4.2.10) lib/rails/rack/logger.rb:20:in `block in call'
  activesupport (4.2.10) lib/active_support/tagged_logging.rb:68:in `block in tagged'
  activesupport (4.2.10) lib/active_support/tagged_logging.rb:26:in `tagged'
  activesupport (4.2.10) lib/active_support/tagged_logging.rb:68:in `tagged'
  railties (4.2.10) lib/rails/rack/logger.rb:20:in `call'
  actionpack (4.2.10) lib/action_dispatch/middleware/request_id.rb:21:in `call'
  rack (1.6.13) lib/rack/methodoverride.rb:22:in `call'
  rack (1.6.13) lib/rack/runtime.rb:18:in `call'
  activesupport (4.2.10) lib/active_support/cache/strategy/local_cache_middleware.rb:28:in `call'
  rack (1.6.13) lib/rack/lock.rb:17:in `call'
  actionpack (4.2.10) lib/action_dispatch/middleware/static.rb:120:in `call'
  rack (1.6.13) lib/rack/sendfile.rb:113:in `call'
  railties (4.2.10) lib/rails/engine.rb:518:in `call'
  railties (4.2.10) lib/rails/application.rb:165:in `call'
  rack (1.6.13) lib/rack/lock.rb:17:in `call'
  rack (1.6.13) lib/rack/content_length.rb:15:in `call'
  rack (1.6.13) lib/rack/handler/webrick.rb:88:in `service'
  /home/arunsarva/.rbenv/versions/2.5.1/lib/ruby/2.5.0/webrick/httpserver.rb:140:in `service'
  /home/arunsarva/.rbenv/versions/2.5.1/lib/ruby/2.5.0/webrick/httpserver.rb:96:in `run'
  /home/arunsarva/.rbenv/versions/2.5.1/lib/ruby/2.5.0/webrick/server.rb:307:in `block in start_thread'


  Rendered /home/arunsarva/.rbenv/versions/2.5.1/lib/ruby/gems/2.5.0/gems/actionpack-4.2.10/lib/action_dispatch/middleware/templates/rescues/_trace.html.erb (2.1ms)
  Rendered /home/arunsarva/.rbenv/versions/2.5.1/lib/ruby/gems/2.5.0/gems/actionpack-4.2.10/lib/action_dispatch/middleware/templates/routes/_table.html.erb (1.4ms)
  Rendered /home/arunsarva/.rbenv/versions/2.5.1/lib/ruby/gems/2.5.0/gems/actionpack-4.2.10/lib/action_dispatch/middleware/templates/rescues/_request_and_response.html.erb (1.9ms)
  Rendered /home/arunsarva/.rbenv/versions/2.5.1/lib/ruby/gems/2.5.0/gems/actionpack-4.2.10/lib/action_dispatch/middleware/templates/rescues/routing_error.html.erb within rescues/layout (29.1ms)
  Rendered /home/arunsarva/.rbenv/versions/2.5.1/lib/ruby/gems/2.5.0/gems/web-console-2.3.0/lib/web_console/templates/_markup.html.erb (0.7ms)
  Rendered /home/arunsarva/.rbenv/versions/2.5.1/lib/ruby/gems/2.5.0/gems/web-console-2.3.0/lib/web_console/templates/_inner_console_markup.html.erb within layouts/inlined_string (0.5ms)
  Rendered /home/arunsarva/.rbenv/versions/2.5.1/lib/ruby/gems/2.5.0/gems/web-console-2.3.0/lib/web_console/templates/_prompt_box_markup.html.erb within layouts/inlined_string (0.5ms)
  Rendered /home/arunsarva/.rbenv/versions/2.5.1/lib/ruby/gems/2.5.0/gems/web-console-2.3.0/lib/web_console/templates/style.css.erb within layouts/inlined_string (0.5ms)
  Rendered /home/arunsarva/.rbenv/versions/2.5.1/lib/ruby/gems/2.5.0/gems/web-console-2.3.0/lib/web_console/templates/console.js.erb within layouts/javascript (28.4ms)
  Rendered /home/arunsarva/.rbenv/versions/2.5.1/lib/ruby/gems/2.5.0/gems/web-console-2.3.0/lib/web_console/templates/main.js.erb within layouts/javascript (0.4ms)
  Rendered /home/arunsarva/.rbenv/versions/2.5.1/lib/ruby/gems/2.5.0/gems/web-console-2.3.0/lib/web_console/templates/error_page.js.erb within layouts/javascript (0.7ms)
  Rendered /home/arunsarva/.rbenv/versions/2.5.1/lib/ruby/gems/2.5.0/gems/web-console-2.3.0/lib/web_console/templates/index.html.erb (57.3ms)


Started GET "/" for 127.0.0.1 at 2020-03-24 22:22:20 +0530
  [1m[36mActiveRecord::SchemaMigration Load (0.1ms)[0m  [1mSELECT "schema_migrations".* FROM "schema_migrations"[0m
Processing by TodoListsController#index as HTML
  [1m[35mTodoList Load (0.2ms)[0m  SELECT "todo_lists".* FROM "todo_lists"
  Rendered todo_lists/index.html.erb within layouts/application (4.7ms)
Completed 200 OK in 296ms (Views: 278.8ms | ActiveRecord: 0.4ms)


Started GET "/users/sign_in" for 127.0.0.1 at 2020-03-24 22:22:23 +0530
Processing by Devise::SessionsController#new as HTML
  Rendered /home/arunsarva/.rbenv/versions/2.5.1/lib/ruby/gems/2.5.0/gems/devise-4.7.1/app/views/devise/shared/_links.html.erb (1.8ms)
  Rendered /home/arunsarva/.rbenv/versions/2.5.1/lib/ruby/gems/2.5.0/gems/devise-4.7.1/app/views/devise/sessions/new.html.erb within layouts/application (58.5ms)
Completed 200 OK in 97ms (Views: 86.8ms | ActiveRecord: 0.5ms)


Started GET "/users/sign_up" for 127.0.0.1 at 2020-03-24 22:22:24 +0530
Processing by Devise::RegistrationsController#new as HTML
  Rendered /home/arunsarva/.rbenv/versions/2.5.1/lib/ruby/gems/2.5.0/gems/devise-4.7.1/app/views/devise/shared/_error_messages.html.erb (5.9ms)
  Rendered /home/arunsarva/.rbenv/versions/2.5.1/lib/ruby/gems/2.5.0/gems/devise-4.7.1/app/views/devise/shared/_links.html.erb (0.5ms)
  Rendered /home/arunsarva/.rbenv/versions/2.5.1/lib/ruby/gems/2.5.0/gems/devise-4.7.1/app/views/devise/registrations/new.html.erb within layouts/application (15.7ms)
Completed 200 OK in 55ms (Views: 53.0ms | ActiveRecord: 0.0ms)


Started GET "/users/sign_in" for 127.0.0.1 at 2020-03-24 22:22:25 +0530
Processing by Devise::SessionsController#new as HTML
  Rendered /home/arunsarva/.rbenv/versions/2.5.1/lib/ruby/gems/2.5.0/gems/devise-4.7.1/app/views/devise/shared/_links.html.erb (1.1ms)
  Rendered /home/arunsarva/.rbenv/versions/2.5.1/lib/ruby/gems/2.5.0/gems/devise-4.7.1/app/views/devise/sessions/new.html.erb within layouts/application (6.9ms)
Completed 200 OK in 52ms (Views: 49.4ms | ActiveRecord: 0.0ms)


Started GET "/users/sign_up" for 127.0.0.1 at 2020-03-24 22:22:26 +0530
Processing by Devise::RegistrationsController#new as HTML
  Rendered /home/arunsarva/.rbenv/versions/2.5.1/lib/ruby/gems/2.5.0/gems/devise-4.7.1/app/views/devise/shared/_error_messages.html.erb (0.1ms)
  Rendered /home/arunsarva/.rbenv/versions/2.5.1/lib/ruby/gems/2.5.0/gems/devise-4.7.1/app/views/devise/shared/_links.html.erb (1.3ms)
  Rendered /home/arunsarva/.rbenv/versions/2.5.1/lib/ruby/gems/2.5.0/gems/devise-4.7.1/app/views/devise/registrations/new.html.erb within layouts/application (10.5ms)
Completed 200 OK in 51ms (Views: 49.3ms | ActiveRecord: 0.0ms)


Started GET "/users/sign_in" for 127.0.0.1 at 2020-03-24 22:29:45 +0530
Processing by Devise::SessionsController#new as HTML
  Rendered devise/shared/_links.html.erb (2.9ms)
  Rendered devise/sessions/new.html.erb within layouts/application (8.8ms)
Completed 200 OK in 39ms (Views: 37.9ms | ActiveRecord: 0.0ms)


Started GET "/" for 127.0.0.1 at 2020-03-24 22:29:48 +0530
Processing by TodoListsController#index as HTML
  [1m[36mTodoList Load (0.3ms)[0m  [1mSELECT "todo_lists".* FROM "todo_lists"[0m
  Rendered todo_lists/index.html.erb within layouts/application (1.3ms)
Completed 200 OK in 37ms (Views: 34.2ms | ActiveRecord: 0.3ms)


Started GET "/" for 127.0.0.1 at 2020-03-26 09:36:53 +0530
  [1m[36mActiveRecord::SchemaMigration Load (0.1ms)[0m  [1mSELECT "schema_migrations".* FROM "schema_migrations"[0m
Processing by TodoListsController#index as HTML
  [1m[35mTodoList Load (0.4ms)[0m  SELECT "todo_lists".* FROM "todo_lists"
  Rendered todo_lists/index.html.erb within layouts/application (8.8ms)
Completed 200 OK in 600ms (Views: 583.6ms | ActiveRecord: 0.8ms)


Started GET "/" for 127.0.0.1 at 2020-04-13 10:34:47 +0530
  [1m[36mActiveRecord::SchemaMigration Load (0.1ms)[0m  [1mSELECT "schema_migrations".* FROM "schema_migrations"[0m
Processing by TodoListsController#index as HTML
  [1m[35mTodoList Load (0.2ms)[0m  SELECT "todo_lists".* FROM "todo_lists"
  Rendered todo_lists/index.html.erb within layouts/application (3.3ms)
Completed 200 OK in 659ms (Views: 595.0ms | ActiveRecord: 0.3ms)


Started GET "/assets/scaffolds.self-82e9d4f13d0fc2d3bfe3d17b3b3b54dd22ea1c05154c36d0683cb3050f1f63c7.css?body=1" for 127.0.0.1 at 2020-04-13 10:34:47 +0530
